<?xml version="1.0" encoding="UTF-8"?>
<testsuite name="io.alecrim.itacademy.sprint1.task4.n1exercise3.ProductsTest" tests="1" skipped="0" failures="0" errors="0" timestamp="2024-05-08T10:51:27" hostname="air.alecrim.dev" time="0.008">
  <properties/>
  <testcase name="checkIndexOutOfBoundsThrowsError()" classname="io.alecrim.itacademy.sprint1.task4.n1exercise3.ProductsTest" time="0.008"/>
  <system-out><![CDATA[]]></system-out>
  <system-err><![CDATA[]]></system-err>
</testsuite>
