<?xml version="1.0" encoding="UTF-8"?>
<testsuite name="io.alecrim.itacademy.sprint1.task4.n1exercise2.CalculateDNITest" tests="1" skipped="0" failures="0" errors="0" timestamp="2024-05-08T09:14:11" hostname="air.alecrim.dev" time="0.016">
  <properties/>
  <testcase name="checkIfDNIIsValid()" classname="io.alecrim.itacademy.sprint1.task4.n1exercise2.CalculateDNITest" time="0.016"/>
  <system-out><![CDATA[Expected letter: Z; Calculated letter: Z
Expected letter: Z; Calculated letter: Z
Expected letter: P; Calculated letter: P
Expected letter: M; Calculated letter: M
Expected letter: W; Calculated letter: W
Expected letter: Y; Calculated letter: Y
Expected letter: N; Calculated letter: N
Expected letter: L; Calculated letter: L
Expected letter: K; Calculated letter: K
Expected letter: X; Calculated letter: X
]]></system-out>
  <system-err><![CDATA[]]></system-err>
</testsuite>
