<?xml version="1.0" encoding="UTF-8"?>
<testsuite name="io.alecrim.itacademy.sprint1.task4.n1exercise2.CalculateDNITest" tests="10" skipped="0" failures="0" errors="0" timestamp="2024-05-13T11:25:52" hostname="air.alecrim.dev" time="0.039">
  <properties/>
  <testcase name="[1] 12345678, Z" classname="io.alecrim.itacademy.sprint1.task4.n1exercise2.CalculateDNITest" time="0.019"/>
  <testcase name="[2] 29083192, Z" classname="io.alecrim.itacademy.sprint1.task4.n1exercise2.CalculateDNITest" time="0.001"/>
  <testcase name="[3] 10923191, P" classname="io.alecrim.itacademy.sprint1.task4.n1exercise2.CalculateDNITest" time="0.001"/>
  <testcase name="[4] 98347982, M" classname="io.alecrim.itacademy.sprint1.task4.n1exercise2.CalculateDNITest" time="0.001"/>
  <testcase name="[5] 21908330, W" classname="io.alecrim.itacademy.sprint1.task4.n1exercise2.CalculateDNITest" time="0.0"/>
  <testcase name="[6] 19203810, Y" classname="io.alecrim.itacademy.sprint1.task4.n1exercise2.CalculateDNITest" time="0.001"/>
  <testcase name="[7] 97565782, N" classname="io.alecrim.itacademy.sprint1.task4.n1exercise2.CalculateDNITest" time="0.001"/>
  <testcase name="[8] 10392109, L" classname="io.alecrim.itacademy.sprint1.task4.n1exercise2.CalculateDNITest" time="0.001"/>
  <testcase name="[9] 98475947, K" classname="io.alecrim.itacademy.sprint1.task4.n1exercise2.CalculateDNITest" time="0.002"/>
  <testcase name="[10] 73847398, X" classname="io.alecrim.itacademy.sprint1.task4.n1exercise2.CalculateDNITest" time="0.001"/>
  <system-out><![CDATA[Expected letter: Z; Calculated letter: Z
Expected letter: Z; Calculated letter: Z
Expected letter: P; Calculated letter: P
Expected letter: M; Calculated letter: M
Expected letter: W; Calculated letter: W
Expected letter: Y; Calculated letter: Y
Expected letter: N; Calculated letter: N
Expected letter: L; Calculated letter: L
Expected letter: K; Calculated letter: K
Expected letter: X; Calculated letter: X
]]></system-out>
  <system-err><![CDATA[]]></system-err>
</testsuite>
