<?xml version="1.0" encoding="UTF-8"?>
<testsuite name="io.alecrim.itacademy.sprint1.task4.n1exercise1.MonthsTest" tests="1" skipped="0" failures="0" errors="0" timestamp="2024-05-06T15:17:39" hostname="air.alecrim.dev" time="0.008">
  <properties/>
  <testcase name="checkIfMonthEightIsAugust()" classname="io.alecrim.itacademy.sprint1.task4.n1exercise1.MonthsTest" time="0.008"/>
  <system-out><![CDATA[]]></system-out>
  <system-err><![CDATA[]]></system-err>
</testsuite>
